<?xml version="1.0" encoding="UTF-8"?>
<!-- Generated by org.testng.reporters.JUnitReportReporter -->
<testsuite hostname="ICPL11484" name="com.flipkartday2.Test.Productorder" tests="1" failures="0" timestamp="5 May 2017 12:00:08 GMT" time="41.875" errors="0">
  <testcase name="Testproductorderflow" time="41.875" classname="com.flipkartday2.Test.Productorder"/>
</testsuite> <!-- com.flipkartday2.Test.Productorder -->
