<?xml version="1.0" encoding="UTF-8"?>
<!-- Generated by org.testng.reporters.JUnitReportReporter -->
<testsuite name="com.qmetry.qaf.automation.step.client.Scenario" tests="1" time="0.003" ignored="0" failures="0" timestamp="01 Aug 2017 12:11:17 GMT" skipped="0" hostname="ICPL11484" errors="0">
  <testcase name="SampleTest" time="0.003" classname="com.qmetry.qaf.automation.step.client.Scenario"/>
</testsuite> <!-- com.qmetry.qaf.automation.step.client.Scenario -->
